Tools/sample/build/intermediates/manifest_merge_blame_file/debug/manifest-merger-blame-debug-report.txt
1<?xml version="1.0" encoding="utf-8"?>
2<manifest xmlns:android="http://schemas.android.com/apk/res/android"
3    package="com.dunn.instrument.tools.sample"
4    android:versionCode="3"
5    android:versionName="1.0.0" >
6
7    <uses-sdk
8        android:minSdkVersion="17"
8-->src\main\AndroidManifest.xml
9        android:targetSdkVersion="22" />
9-->src\main\AndroidManifest.xml
10    <!-- android:sharedUserId="android.uid.system" -->
11
12    <uses-permission android:name="android.permission.INTERNET" />
12-->src\main\AndroidManifest.xml:7:5-66
12-->src\main\AndroidManifest.xml:7:22-64
13    <uses-permission android:name="android.permission.WRITE_EXTERNAL_STORAGE" />
13-->src\main\AndroidManifest.xml:8:5-80
13-->src\main\AndroidManifest.xml:8:22-78
14    <uses-permission android:name="android.permission.READ_EXTERNAL_STORAGE" />
14-->src\main\AndroidManifest.xml:9:5-79
14-->src\main\AndroidManifest.xml:9:22-77
15    <uses-permission android:name="android.permission.WRITE_EXTERNAL_STORAGE" />
15-->src\main\AndroidManifest.xml:8:5-80
15-->src\main\AndroidManifest.xml:8:22-78
16    <uses-permission android:name="android.permission.READ_EXTERNAL_STORAGE" />
16-->src\main\AndroidManifest.xml:9:5-79
16-->src\main\AndroidManifest.xml:9:22-77
17    <uses-permission android:name="android.permission.REBOOT" />
17-->src\main\AndroidManifest.xml:12:5-65
17-->src\main\AndroidManifest.xml:12:22-62
18    <uses-permission android:name="android.permission.ACCESS_NETWORK_STATE" />
18-->[:tools] AndroidManifest.xml:11:5-79
18-->[:tools] AndroidManifest.xml:11:22-76
19    <uses-permission android:name="android.permission.PACKAGE_USAGE_STATS" />
19-->[:tools] AndroidManifest.xml:12:5-78
19-->[:tools] AndroidManifest.xml:12:22-75
20
21    <application
21-->src\main\AndroidManifest.xml:14:5-36:19
22        android:name="androidx.multidex.MultiDexApplication"
23        android:allowBackup="true"
23-->src\main\AndroidManifest.xml:15:9-35
24        android:appComponentFactory="androidx.core.app.CoreComponentFactory"
24-->[androidx.core:core:1.0.0] AndroidManifest.xml:22:18-86
25        android:debuggable="true"
26        android:icon="@mipmap/ic_launcher"
26-->src\main\AndroidManifest.xml:16:9-43
27        android:label="@string/app_name"
27-->src\main\AndroidManifest.xml:17:9-41
28        android:roundIcon="@mipmap/ic_launcher_round"
28-->src\main\AndroidManifest.xml:18:9-54
29        android:supportsRtl="true"
29-->src\main\AndroidManifest.xml:19:9-35
30        android:testOnly="true"
31        android:theme="@style/AppTheme" >
31-->src\main\AndroidManifest.xml:20:9-40
32        <activity
32-->src\main\AndroidManifest.xml:21:9-28:20
33            android:name="com.dunn.instrument.tools.sample.MainActivity"
33-->src\main\AndroidManifest.xml:22:13-41
34            android:theme="@style/Theme.AppCompat.Light.NoActionBar" >
34-->src\main\AndroidManifest.xml:23:13-69
35            <intent-filter>
35-->src\main\AndroidManifest.xml:24:13-27:29
36                <action android:name="android.intent.action.MAIN" />
36-->src\main\AndroidManifest.xml:25:17-69
36-->src\main\AndroidManifest.xml:25:25-66
37
38                <category android:name="android.intent.category.LAUNCHER" />
38-->src\main\AndroidManifest.xml:26:17-77
38-->src\main\AndroidManifest.xml:26:27-74
39            </intent-filter>
40        </activity>
41
42        <service
42-->src\main\AndroidManifest.xml:29:9-35:19
43            android:name="com.dunn.instrument.tools.sample.ReplyService"
43-->src\main\AndroidManifest.xml:30:13-41
44            android:exported="true" >
44-->src\main\AndroidManifest.xml:31:13-36
45            <intent-filter>
45-->src\main\AndroidManifest.xml:32:13-34:29
46                <action android:name="coocaa.intent.action.remote.platform.reply" />
46-->src\main\AndroidManifest.xml:33:17-85
46-->src\main\AndroidManifest.xml:33:25-82
47            </intent-filter>
48        </service>
49
50        <meta-data
50-->[:tools] AndroidManifest.xml:15:9-17:36
51            android:name="com.dunn.instrument.tools.get"
51-->[:tools] AndroidManifest.xml:16:13-57
52            android:value="true" />
52-->[:tools] AndroidManifest.xml:17:13-33
53    </application>
54
55</manifest>